TN:
SF:src\app.ts
FN:10,main
FNF:1
FNH:1
FNDA:1,main
DA:1,1
DA:2,1
DA:3,1
DA:4,1
DA:5,1
DA:6,1
DA:7,1
DA:8,1
DA:9,1
DA:10,1
DA:11,1
DA:12,1
DA:13,1
DA:14,1
DA:15,1
DA:16,1
DA:17,1
DA:18,1
LF:18
LH:18
BRDA:6,0,0,1
BRDA:10,1,0,1
BRF:2
BRH:2
end_of_record
TN:
SF:src\config\envs.ts
FNF:0
FNH:0
DA:1,1
DA:2,1
DA:3,1
DA:4,1
DA:5,1
DA:6,1
DA:7,1
LF:7
LH:7
BRF:0
BRH:0
end_of_record
TN:
SF:src\data\postgresql\index.ts
FNF:0
FNH:0
DA:1,1
DA:2,1
DA:3,1
LF:3
LH:3
BRF:0
BRH:0
end_of_record
TN:
SF:src\domain\index.ts
FNF:0
FNH:0
DA:1,1
DA:2,1
DA:3,1
LF:3
LH:3
BRF:0
BRH:0
end_of_record
TN:
SF:src\domain\dtos\todos\create-todo.dto.ts
FN:2,CreateTodoDto
FN:4,create
FNF:2
FNH:2
FNDA:1,CreateTodoDto
FNDA:2,create
DA:1,1
DA:2,1
DA:3,1
DA:4,1
DA:5,2
DA:6,2
DA:7,1
DA:8,1
DA:9,1
DA:10,1
LF:10
LH:10
BRDA:2,0,0,1
BRDA:4,1,0,2
BRDA:6,2,0,1
BRDA:6,3,0,1
BRF:4
BRH:4
end_of_record
TN:
SF:src\domain\errors\custom.error.ts
FN:2,CustomError
FNF:1
FNH:1
FNDA:3,CustomError
DA:1,1
DA:2,1
DA:3,3
DA:4,3
DA:5,1
LF:5
LH:5
BRDA:2,0,0,3
BRF:1
BRH:1
end_of_record
TN:
SF:src\infrastructure\datasource\todo.datasource.impl.ts
FN:7,getAll
FN:13,create
FN:21,findById
FN:28,updateById
FN:41,deleteById
FNF:5
FNH:5
FNDA:1,getAll
FNDA:1,create
FNDA:7,findById
FNDA:3,updateById
FNDA:2,deleteById
DA:1,1
DA:2,1
DA:3,1
DA:4,1
DA:5,1
DA:6,1
DA:7,1
DA:8,1
DA:9,1
DA:10,1
DA:11,1
DA:12,1
DA:13,1
DA:14,1
DA:15,1
DA:16,1
DA:17,1
DA:18,1
DA:19,1
DA:20,1
DA:21,1
DA:22,7
DA:23,7
DA:24,7
DA:25,4
DA:26,4
DA:27,1
DA:28,1
DA:29,3
DA:30,3
DA:31,3
DA:32,2
DA:33,2
DA:34,2
DA:35,2
DA:36,2
DA:37,2
DA:38,2
DA:39,2
DA:40,1
DA:41,1
DA:42,2
DA:43,1
DA:44,1
DA:45,1
DA:46,1
DA:47,1
LF:47
LH:47
BRDA:7,0,0,1
BRDA:10,1,0,2
BRDA:13,2,0,1
BRDA:21,3,0,7
BRDA:24,4,0,3
BRDA:25,5,0,4
BRDA:28,6,0,3
BRDA:32,7,0,2
BRDA:41,8,0,2
BRDA:43,9,0,1
BRF:10
BRH:10
end_of_record
TN:
SF:src\presentation\server.ts
FN:19,Server
FN:26,start
FN:49,close
FNF:3
FNH:3
FNDA:1,Server
FNDA:1,start
FNDA:1,close
DA:1,1
DA:2,1
DA:3,1
DA:4,1
DA:5,1
DA:6,1
DA:7,1
DA:8,1
DA:9,1
DA:10,1
DA:11,1
DA:12,1
DA:13,1
DA:14,1
DA:15,1
DA:16,1
DA:17,1
DA:18,1
DA:19,1
DA:20,1
DA:21,1
DA:22,1
DA:23,1
DA:24,1
DA:25,1
DA:26,1
DA:27,1
DA:28,1
DA:29,1
DA:30,1
DA:31,1
DA:32,1
DA:33,1
DA:34,1
DA:35,1
DA:36,1
DA:37,1
DA:38,0
DA:39,0
DA:40,0
DA:41,0
DA:42,1
DA:43,1
DA:44,1
DA:45,1
DA:46,1
DA:47,1
DA:48,1
DA:49,1
DA:50,1
DA:51,1
DA:52,1
LF:52
LH:48
BRDA:19,0,0,1
BRDA:26,1,0,1
BRDA:44,2,0,1
BRDA:49,3,0,1
BRDA:50,4,0,0
BRF:5
BRH:4
end_of_record
TN:
SF:src\presentation\todos\controller.ts
FN:14,TodosController
FN:16,TodosController.handleError
FN:25,TodosController.getTodos
FN:32,TodosController.getTodosById
FN:42,TodosController.createTodo
FN:52,TodosController.updateTodo
FN:65,TodosController.deleteTodo
FNF:7
FNH:7
FNDA:2,TodosController
FNDA:3,TodosController.handleError
FNDA:1,TodosController.getTodos
FNDA:2,TodosController.getTodosById
FNDA:2,TodosController.createTodo
FNDA:3,TodosController.updateTodo
FNDA:2,TodosController.deleteTodo
DA:1,1
DA:2,1
DA:3,1
DA:4,1
DA:5,1
DA:6,1
DA:7,1
DA:8,1
DA:9,1
DA:10,1
DA:11,1
DA:12,1
DA:13,1
DA:14,1
DA:15,1
DA:16,1
DA:17,3
DA:18,3
DA:19,3
DA:20,3
DA:21,0
DA:22,0
DA:23,1
DA:24,1
DA:25,1
DA:26,1
DA:27,1
DA:28,1
DA:29,1
DA:30,1
DA:31,1
DA:32,1
DA:33,2
DA:34,2
DA:35,2
DA:36,2
DA:37,2
DA:38,2
DA:39,2
DA:40,1
DA:41,1
DA:42,1
DA:43,2
DA:44,2
DA:45,1
DA:46,1
DA:47,1
DA:48,1
DA:49,1
DA:50,2
DA:51,1
DA:52,1
DA:53,3
DA:54,3
DA:55,3
DA:56,3
DA:57,3
DA:58,3
DA:59,3
DA:60,3
DA:61,3
DA:62,3
DA:63,3
DA:64,1
DA:65,1
DA:66,2
DA:67,2
DA:68,2
DA:69,2
DA:70,2
DA:71,2
DA:72,2
DA:73,2
DA:74,1
LF:74
LH:72
BRDA:14,0,0,2
BRDA:16,1,0,3
BRDA:21,2,0,0
BRDA:25,3,0,1
BRDA:28,4,0,1
BRDA:32,5,0,2
BRDA:34,6,0,0
BRDA:38,7,0,1
BRDA:39,8,0,1
BRDA:42,9,0,2
BRDA:42,10,0,2
BRDA:44,11,0,1
BRDA:48,12,0,1
BRDA:52,13,0,3
BRDA:52,14,0,3
BRDA:54,15,0,0
BRDA:57,16,0,0
BRDA:61,17,0,2
BRDA:62,18,0,1
BRDA:65,19,0,2
BRDA:65,20,0,2
BRDA:67,21,0,0
BRDA:71,22,0,1
BRDA:72,23,0,1
BRF:24
BRH:19
end_of_record
TN:
SF:tests\test-server.ts
FNF:0
FNH:0
DA:1,1
DA:2,1
DA:3,1
DA:4,1
DA:5,1
DA:6,1
DA:7,1
DA:8,1
LF:8
LH:8
BRF:0
BRH:0
end_of_record
